<?xml version="1.0" encoding="UTF-8"?>
<testng-results ignored="0" total="3" passed="3" failed="0" skipped="0">
  <reporter-output>
  </reporter-output>
  <suite started-at="2022-05-02T17:38:31 IST" name="Suite" finished-at="2022-05-02T17:38:50 IST" duration-ms="19548">
    <groups>
    </groups>
    <test started-at="2022-05-02T17:38:31 IST" name="Test" finished-at="2022-05-02T17:38:50 IST" duration-ms="19548">
      <class name="scripts.Testcase">
        <test-method is-config="true" signature="openApp()[pri:0, instance:scripts.Testcase@5119fb47]" started-at="2022-05-02T17:38:45 IST" name="openApp" finished-at="2022-05-02T17:38:47 IST" duration-ms="2066" status="PASS">
          <reporter-output>
          </reporter-output>
        </test-method> <!-- openApp -->
        <test-method signature="tc1()[pri:0, instance:scripts.Testcase@5119fb47]" started-at="2022-05-02T17:38:47 IST" name="tc1" finished-at="2022-05-02T17:38:50 IST" duration-ms="3463" status="PASS">
          <reporter-output>
          </reporter-output>
        </test-method> <!-- tc1 -->
        <test-method is-config="true" signature="closeApp(org.testng.ITestResult)[pri:0, instance:scripts.Testcase@5119fb47]" started-at="2022-05-02T17:38:50 IST" name="closeApp" finished-at="2022-05-02T17:38:50 IST" duration-ms="180" status="PASS">
          <params>
            <param index="0">
              <value>
                <![CDATA[[TestResult name=tc1 status=SUCCESS method=Testcase.tc1()[pri:0, instance:scripts.Testcase@5119fb47] output={null}]]]>
              </value>
            </param>
          </params>
          <reporter-output>
          </reporter-output>
        </test-method> <!-- closeApp -->
      </class> <!-- scripts.Testcase -->
      <class name="scripts.Testcase3">
        <test-method is-config="true" signature="openApp()[pri:0, instance:scripts.Testcase3@6a400542]" started-at="2022-05-02T17:38:31 IST" name="openApp" finished-at="2022-05-02T17:38:33 IST" duration-ms="2552" status="PASS">
          <reporter-output>
          </reporter-output>
        </test-method> <!-- openApp -->
        <test-method signature="tc3()[pri:0, instance:scripts.Testcase3@6a400542]" started-at="2022-05-02T17:38:33 IST" name="tc3" finished-at="2022-05-02T17:38:39 IST" duration-ms="5900" status="PASS">
          <reporter-output>
          </reporter-output>
        </test-method> <!-- tc3 -->
        <test-method is-config="true" signature="closeApp(org.testng.ITestResult)[pri:0, instance:scripts.Testcase3@6a400542]" started-at="2022-05-02T17:38:39 IST" name="closeApp" finished-at="2022-05-02T17:38:39 IST" duration-ms="219" status="PASS">
          <params>
            <param index="0">
              <value>
                <![CDATA[[TestResult name=tc3 status=SUCCESS method=Testcase3.tc3()[pri:0, instance:scripts.Testcase3@6a400542] output={null}]]]>
              </value>
            </param>
          </params>
          <reporter-output>
          </reporter-output>
        </test-method> <!-- closeApp -->
      </class> <!-- scripts.Testcase3 -->
      <class name="scripts.Testcase2">
        <test-method is-config="true" signature="openApp()[pri:0, instance:scripts.Testcase2@6a192cfe]" started-at="2022-05-02T17:38:39 IST" name="openApp" finished-at="2022-05-02T17:38:41 IST" duration-ms="2019" status="PASS">
          <reporter-output>
          </reporter-output>
        </test-method> <!-- openApp -->
        <test-method signature="tc2()[pri:0, instance:scripts.Testcase2@6a192cfe]" started-at="2022-05-02T17:38:41 IST" name="tc2" finished-at="2022-05-02T17:38:44 IST" duration-ms="2923" status="PASS">
          <reporter-output>
          </reporter-output>
        </test-method> <!-- tc2 -->
        <test-method is-config="true" signature="closeApp(org.testng.ITestResult)[pri:0, instance:scripts.Testcase2@6a192cfe]" started-at="2022-05-02T17:38:44 IST" name="closeApp" finished-at="2022-05-02T17:38:45 IST" duration-ms="180" status="PASS">
          <params>
            <param index="0">
              <value>
                <![CDATA[[TestResult name=tc2 status=SUCCESS method=Testcase2.tc2()[pri:0, instance:scripts.Testcase2@6a192cfe] output={null}]]]>
              </value>
            </param>
          </params>
          <reporter-output>
          </reporter-output>
        </test-method> <!-- closeApp -->
      </class> <!-- scripts.Testcase2 -->
    </test> <!-- Test -->
  </suite> <!-- Suite -->
</testng-results>
